desc: --time-unit=i --detailed-freq=1 --threshold=0.0 --max-snapshots=1000 --massif-out-file=massif.mojMassifSurowy5.out
cmd: ./program
time_unit: i
#-----------
snapshot=0
#-----------
time=0
mem_heap_B=0
mem_heap_extra_B=0
mem_stacks_B=0
heap_tree=detailed
n0: 0 (heap allocation functions) malloc/new/new[], --alloc-fns, etc.
#-----------
snapshot=1
#-----------
time=1447980
mem_heap_B=80
mem_heap_extra_B=8
mem_stacks_B=0
heap_tree=detailed
n1: 80 (heap allocation functions) malloc/new/new[], --alloc-fns, etc.
 n0: 80 0x40096F: main (main.cpp:13)
#-----------
snapshot=2
#-----------
time=1448024
mem_heap_B=120
mem_heap_extra_B=24
mem_stacks_B=0
heap_tree=detailed
n2: 120 (heap allocation functions) malloc/new/new[], --alloc-fns, etc.
 n0: 80 0x40096F: main (main.cpp:13)
 n1: 40 0x4009BC: fun1() (main.cpp:28)
  n0: 40 0x400981: main (main.cpp:16)
#-----------
snapshot=3
#-----------
time=1448068
mem_heap_B=136
mem_heap_extra_B=32
mem_stacks_B=0
heap_tree=detailed
n3: 136 (heap allocation functions) malloc/new/new[], --alloc-fns, etc.
 n0: 80 0x40096F: main (main.cpp:13)
 n1: 40 0x4009BC: fun1() (main.cpp:28)
  n0: 40 0x400981: main (main.cpp:16)
 n1: 16 0x4009F5: fun2() (main.cpp:39)
  n1: 16 0x4009C5: fun1() (main.cpp:30)
   n0: 16 0x400981: main (main.cpp:16)
#-----------
snapshot=4
#-----------
time=1448108
mem_heap_B=216
mem_heap_extra_B=40
mem_stacks_B=0
heap_tree=detailed
n4: 216 (heap allocation functions) malloc/new/new[], --alloc-fns, etc.
 n0: 80 0x40096F: main (main.cpp:13)
 n1: 80 0x400A2F: fun3() (main.cpp:47)
  n1: 80 0x4009FE: fun2() (main.cpp:40)
   n1: 80 0x4009C5: fun1() (main.cpp:30)
    n0: 80 0x400981: main (main.cpp:16)
 n1: 40 0x4009BC: fun1() (main.cpp:28)
  n0: 40 0x400981: main (main.cpp:16)
 n1: 16 0x4009F5: fun2() (main.cpp:39)
  n1: 16 0x4009C5: fun1() (main.cpp:30)
   n0: 16 0x400981: main (main.cpp:16)
#-----------
snapshot=5
#-----------
time=1449033
mem_heap_B=216
mem_heap_extra_B=40
mem_stacks_B=0
heap_tree=peak
n4: 216 (heap allocation functions) malloc/new/new[], --alloc-fns, etc.
 n0: 80 0x40096F: main (main.cpp:13)
 n1: 80 0x400A2F: fun3() (main.cpp:47)
  n1: 80 0x4009FE: fun2() (main.cpp:40)
   n1: 80 0x4009C5: fun1() (main.cpp:30)
    n0: 80 0x400981: main (main.cpp:16)
 n1: 40 0x4009BC: fun1() (main.cpp:28)
  n0: 40 0x400981: main (main.cpp:16)
 n1: 16 0x4009F5: fun2() (main.cpp:39)
  n1: 16 0x4009C5: fun1() (main.cpp:30)
   n0: 16 0x400981: main (main.cpp:16)
#-----------
snapshot=6
#-----------
time=1449033
mem_heap_B=136
mem_heap_extra_B=32
mem_stacks_B=0
heap_tree=detailed
n4: 136 (heap allocation functions) malloc/new/new[], --alloc-fns, etc.
 n0: 80 0x40096F: main (main.cpp:13)
 n1: 40 0x4009BC: fun1() (main.cpp:28)
  n0: 40 0x400981: main (main.cpp:16)
 n1: 16 0x4009F5: fun2() (main.cpp:39)
  n1: 16 0x4009C5: fun1() (main.cpp:30)
   n0: 16 0x400981: main (main.cpp:16)
 n1: 0 0x400A2F: fun3() (main.cpp:47)
  n1: 0 0x4009FE: fun2() (main.cpp:40)
   n1: 0 0x4009C5: fun1() (main.cpp:30)
    n0: 0 0x400981: main (main.cpp:16)
#-----------
snapshot=7
#-----------
time=1449068
mem_heap_B=120
mem_heap_extra_B=24
mem_stacks_B=0
heap_tree=detailed
n4: 120 (heap allocation functions) malloc/new/new[], --alloc-fns, etc.
 n0: 80 0x40096F: main (main.cpp:13)
 n1: 40 0x4009BC: fun1() (main.cpp:28)
  n0: 40 0x400981: main (main.cpp:16)
 n1: 0 0x4009F5: fun2() (main.cpp:39)
  n1: 0 0x4009C5: fun1() (main.cpp:30)
   n0: 0 0x400981: main (main.cpp:16)
 n1: 0 0x400A2F: fun3() (main.cpp:47)
  n1: 0 0x4009FE: fun2() (main.cpp:40)
   n1: 0 0x4009C5: fun1() (main.cpp:30)
    n0: 0 0x400981: main (main.cpp:16)
#-----------
snapshot=8
#-----------
time=1449101
mem_heap_B=136
mem_heap_extra_B=32
mem_stacks_B=0
heap_tree=detailed
n4: 136 (heap allocation functions) malloc/new/new[], --alloc-fns, etc.
 n0: 80 0x40096F: main (main.cpp:13)
 n1: 40 0x4009BC: fun1() (main.cpp:28)
  n0: 40 0x400981: main (main.cpp:16)
 n1: 16 0x4009F5: fun2() (main.cpp:39)
  n1: 16 0x4009C5: fun1() (main.cpp:30)
   n0: 16 0x400981: main (main.cpp:16)
 n1: 0 0x400A2F: fun3() (main.cpp:47)
  n1: 0 0x4009FE: fun2() (main.cpp:40)
   n1: 0 0x4009C5: fun1() (main.cpp:30)
    n0: 0 0x400981: main (main.cpp:16)
#-----------
snapshot=9
#-----------
time=1449141
mem_heap_B=216
mem_heap_extra_B=40
mem_stacks_B=0
heap_tree=detailed
n4: 216 (heap allocation functions) malloc/new/new[], --alloc-fns, etc.
 n0: 80 0x40096F: main (main.cpp:13)
 n1: 80 0x400A2F: fun3() (main.cpp:47)
  n1: 80 0x4009FE: fun2() (main.cpp:40)
   n1: 80 0x4009C5: fun1() (main.cpp:30)
    n0: 80 0x400981: main (main.cpp:16)
 n1: 40 0x4009BC: fun1() (main.cpp:28)
  n0: 40 0x400981: main (main.cpp:16)
 n1: 16 0x4009F5: fun2() (main.cpp:39)
  n1: 16 0x4009C5: fun1() (main.cpp:30)
   n0: 16 0x400981: main (main.cpp:16)
#-----------
snapshot=10
#-----------
time=1449180
mem_heap_B=136
mem_heap_extra_B=32
mem_stacks_B=0
heap_tree=detailed
n4: 136 (heap allocation functions) malloc/new/new[], --alloc-fns, etc.
 n0: 80 0x40096F: main (main.cpp:13)
 n1: 40 0x4009BC: fun1() (main.cpp:28)
  n0: 40 0x400981: main (main.cpp:16)
 n1: 16 0x4009F5: fun2() (main.cpp:39)
  n1: 16 0x4009C5: fun1() (main.cpp:30)
   n0: 16 0x400981: main (main.cpp:16)
 n1: 0 0x400A2F: fun3() (main.cpp:47)
  n1: 0 0x4009FE: fun2() (main.cpp:40)
   n1: 0 0x4009C5: fun1() (main.cpp:30)
    n0: 0 0x400981: main (main.cpp:16)
#-----------
snapshot=11
#-----------
time=1449215
mem_heap_B=120
mem_heap_extra_B=24
mem_stacks_B=0
heap_tree=detailed
n4: 120 (heap allocation functions) malloc/new/new[], --alloc-fns, etc.
 n0: 80 0x40096F: main (main.cpp:13)
 n1: 40 0x4009BC: fun1() (main.cpp:28)
  n0: 40 0x400981: main (main.cpp:16)
 n1: 0 0x4009F5: fun2() (main.cpp:39)
  n1: 0 0x4009C5: fun1() (main.cpp:30)
   n0: 0 0x400981: main (main.cpp:16)
 n1: 0 0x400A2F: fun3() (main.cpp:47)
  n1: 0 0x4009FE: fun2() (main.cpp:40)
   n1: 0 0x4009C5: fun1() (main.cpp:30)
    n0: 0 0x400981: main (main.cpp:16)
#-----------
snapshot=12
#-----------
time=1449253
mem_heap_B=80
mem_heap_extra_B=8
mem_stacks_B=0
heap_tree=detailed
n4: 80 (heap allocation functions) malloc/new/new[], --alloc-fns, etc.
 n0: 80 0x40096F: main (main.cpp:13)
 n1: 0 0x4009BC: fun1() (main.cpp:28)
  n0: 0 0x400981: main (main.cpp:16)
 n1: 0 0x4009F5: fun2() (main.cpp:39)
  n1: 0 0x4009C5: fun1() (main.cpp:30)
   n0: 0 0x400981: main (main.cpp:16)
 n1: 0 0x400A2F: fun3() (main.cpp:47)
  n1: 0 0x4009FE: fun2() (main.cpp:40)
   n1: 0 0x4009C5: fun1() (main.cpp:30)
    n0: 0 0x400981: main (main.cpp:16)
#-----------
snapshot=13
#-----------
time=1449292
mem_heap_B=120
mem_heap_extra_B=24
mem_stacks_B=0
heap_tree=detailed
n4: 120 (heap allocation functions) malloc/new/new[], --alloc-fns, etc.
 n0: 80 0x40096F: main (main.cpp:13)
 n1: 40 0x4009BC: fun1() (main.cpp:28)
  n0: 40 0x400981: main (main.cpp:16)
 n1: 0 0x4009F5: fun2() (main.cpp:39)
  n1: 0 0x4009C5: fun1() (main.cpp:30)
   n0: 0 0x400981: main (main.cpp:16)
 n1: 0 0x400A2F: fun3() (main.cpp:47)
  n1: 0 0x4009FE: fun2() (main.cpp:40)
   n1: 0 0x4009C5: fun1() (main.cpp:30)
    n0: 0 0x400981: main (main.cpp:16)
#-----------
snapshot=14
#-----------
time=1449336
mem_heap_B=136
mem_heap_extra_B=32
mem_stacks_B=0
heap_tree=detailed
n4: 136 (heap allocation functions) malloc/new/new[], --alloc-fns, etc.
 n0: 80 0x40096F: main (main.cpp:13)
 n1: 40 0x4009BC: fun1() (main.cpp:28)
  n0: 40 0x400981: main (main.cpp:16)
 n1: 16 0x4009F5: fun2() (main.cpp:39)
  n1: 16 0x4009C5: fun1() (main.cpp:30)
   n0: 16 0x400981: main (main.cpp:16)
 n1: 0 0x400A2F: fun3() (main.cpp:47)
  n1: 0 0x4009FE: fun2() (main.cpp:40)
   n1: 0 0x4009C5: fun1() (main.cpp:30)
    n0: 0 0x400981: main (main.cpp:16)
#-----------
snapshot=15
#-----------
time=1449376
mem_heap_B=216
mem_heap_extra_B=40
mem_stacks_B=0
heap_tree=detailed
n4: 216 (heap allocation functions) malloc/new/new[], --alloc-fns, etc.
 n0: 80 0x40096F: main (main.cpp:13)
 n1: 80 0x400A2F: fun3() (main.cpp:47)
  n1: 80 0x4009FE: fun2() (main.cpp:40)
   n1: 80 0x4009C5: fun1() (main.cpp:30)
    n0: 80 0x400981: main (main.cpp:16)
 n1: 40 0x4009BC: fun1() (main.cpp:28)
  n0: 40 0x400981: main (main.cpp:16)
 n1: 16 0x4009F5: fun2() (main.cpp:39)
  n1: 16 0x4009C5: fun1() (main.cpp:30)
   n0: 16 0x400981: main (main.cpp:16)
#-----------
snapshot=16
#-----------
time=1449415
mem_heap_B=136
mem_heap_extra_B=32
mem_stacks_B=0
heap_tree=detailed
n4: 136 (heap allocation functions) malloc/new/new[], --alloc-fns, etc.
 n0: 80 0x40096F: main (main.cpp:13)
 n1: 40 0x4009BC: fun1() (main.cpp:28)
  n0: 40 0x400981: main (main.cpp:16)
 n1: 16 0x4009F5: fun2() (main.cpp:39)
  n1: 16 0x4009C5: fun1() (main.cpp:30)
   n0: 16 0x400981: main (main.cpp:16)
 n1: 0 0x400A2F: fun3() (main.cpp:47)
  n1: 0 0x4009FE: fun2() (main.cpp:40)
   n1: 0 0x4009C5: fun1() (main.cpp:30)
    n0: 0 0x400981: main (main.cpp:16)
#-----------
snapshot=17
#-----------
time=1449450
mem_heap_B=120
mem_heap_extra_B=24
mem_stacks_B=0
heap_tree=detailed
n4: 120 (heap allocation functions) malloc/new/new[], --alloc-fns, etc.
 n0: 80 0x40096F: main (main.cpp:13)
 n1: 40 0x4009BC: fun1() (main.cpp:28)
  n0: 40 0x400981: main (main.cpp:16)
 n1: 0 0x4009F5: fun2() (main.cpp:39)
  n1: 0 0x4009C5: fun1() (main.cpp:30)
   n0: 0 0x400981: main (main.cpp:16)
 n1: 0 0x400A2F: fun3() (main.cpp:47)
  n1: 0 0x4009FE: fun2() (main.cpp:40)
   n1: 0 0x4009C5: fun1() (main.cpp:30)
    n0: 0 0x400981: main (main.cpp:16)
#-----------
snapshot=18
#-----------
time=1449483
mem_heap_B=136
mem_heap_extra_B=32
mem_stacks_B=0
heap_tree=detailed
n4: 136 (heap allocation functions) malloc/new/new[], --alloc-fns, etc.
 n0: 80 0x40096F: main (main.cpp:13)
 n1: 40 0x4009BC: fun1() (main.cpp:28)
  n0: 40 0x400981: main (main.cpp:16)
 n1: 16 0x4009F5: fun2() (main.cpp:39)
  n1: 16 0x4009C5: fun1() (main.cpp:30)
   n0: 16 0x400981: main (main.cpp:16)
 n1: 0 0x400A2F: fun3() (main.cpp:47)
  n1: 0 0x4009FE: fun2() (main.cpp:40)
   n1: 0 0x4009C5: fun1() (main.cpp:30)
    n0: 0 0x400981: main (main.cpp:16)
#-----------
snapshot=19
#-----------
time=1449523
mem_heap_B=216
mem_heap_extra_B=40
mem_stacks_B=0
heap_tree=detailed
n4: 216 (heap allocation functions) malloc/new/new[], --alloc-fns, etc.
 n0: 80 0x40096F: main (main.cpp:13)
 n1: 80 0x400A2F: fun3() (main.cpp:47)
  n1: 80 0x4009FE: fun2() (main.cpp:40)
   n1: 80 0x4009C5: fun1() (main.cpp:30)
    n0: 80 0x400981: main (main.cpp:16)
 n1: 40 0x4009BC: fun1() (main.cpp:28)
  n0: 40 0x400981: main (main.cpp:16)
 n1: 16 0x4009F5: fun2() (main.cpp:39)
  n1: 16 0x4009C5: fun1() (main.cpp:30)
   n0: 16 0x400981: main (main.cpp:16)
#-----------
snapshot=20
#-----------
time=1449562
mem_heap_B=136
mem_heap_extra_B=32
mem_stacks_B=0
heap_tree=detailed
n4: 136 (heap allocation functions) malloc/new/new[], --alloc-fns, etc.
 n0: 80 0x40096F: main (main.cpp:13)
 n1: 40 0x4009BC: fun1() (main.cpp:28)
  n0: 40 0x400981: main (main.cpp:16)
 n1: 16 0x4009F5: fun2() (main.cpp:39)
  n1: 16 0x4009C5: fun1() (main.cpp:30)
   n0: 16 0x400981: main (main.cpp:16)
 n1: 0 0x400A2F: fun3() (main.cpp:47)
  n1: 0 0x4009FE: fun2() (main.cpp:40)
   n1: 0 0x4009C5: fun1() (main.cpp:30)
    n0: 0 0x400981: main (main.cpp:16)
#-----------
snapshot=21
#-----------
time=1449597
mem_heap_B=120
mem_heap_extra_B=24
mem_stacks_B=0
heap_tree=detailed
n4: 120 (heap allocation functions) malloc/new/new[], --alloc-fns, etc.
 n0: 80 0x40096F: main (main.cpp:13)
 n1: 40 0x4009BC: fun1() (main.cpp:28)
  n0: 40 0x400981: main (main.cpp:16)
 n1: 0 0x4009F5: fun2() (main.cpp:39)
  n1: 0 0x4009C5: fun1() (main.cpp:30)
   n0: 0 0x400981: main (main.cpp:16)
 n1: 0 0x400A2F: fun3() (main.cpp:47)
  n1: 0 0x4009FE: fun2() (main.cpp:40)
   n1: 0 0x4009C5: fun1() (main.cpp:30)
    n0: 0 0x400981: main (main.cpp:16)
#-----------
snapshot=22
#-----------
time=1449635
mem_heap_B=80
mem_heap_extra_B=8
mem_stacks_B=0
heap_tree=detailed
n4: 80 (heap allocation functions) malloc/new/new[], --alloc-fns, etc.
 n0: 80 0x40096F: main (main.cpp:13)
 n1: 0 0x4009BC: fun1() (main.cpp:28)
  n0: 0 0x400981: main (main.cpp:16)
 n1: 0 0x4009F5: fun2() (main.cpp:39)
  n1: 0 0x4009C5: fun1() (main.cpp:30)
   n0: 0 0x400981: main (main.cpp:16)
 n1: 0 0x400A2F: fun3() (main.cpp:47)
  n1: 0 0x4009FE: fun2() (main.cpp:40)
   n1: 0 0x4009C5: fun1() (main.cpp:30)
    n0: 0 0x400981: main (main.cpp:16)
#-----------
snapshot=23
#-----------
time=1449674
mem_heap_B=120
mem_heap_extra_B=24
mem_stacks_B=0
heap_tree=detailed
n4: 120 (heap allocation functions) malloc/new/new[], --alloc-fns, etc.
 n0: 80 0x40096F: main (main.cpp:13)
 n1: 40 0x4009BC: fun1() (main.cpp:28)
  n0: 40 0x400981: main (main.cpp:16)
 n1: 0 0x4009F5: fun2() (main.cpp:39)
  n1: 0 0x4009C5: fun1() (main.cpp:30)
   n0: 0 0x400981: main (main.cpp:16)
 n1: 0 0x400A2F: fun3() (main.cpp:47)
  n1: 0 0x4009FE: fun2() (main.cpp:40)
   n1: 0 0x4009C5: fun1() (main.cpp:30)
    n0: 0 0x400981: main (main.cpp:16)
#-----------
snapshot=24
#-----------
time=1449718
mem_heap_B=136
mem_heap_extra_B=32
mem_stacks_B=0
heap_tree=detailed
n4: 136 (heap allocation functions) malloc/new/new[], --alloc-fns, etc.
 n0: 80 0x40096F: main (main.cpp:13)
 n1: 40 0x4009BC: fun1() (main.cpp:28)
  n0: 40 0x400981: main (main.cpp:16)
 n1: 16 0x4009F5: fun2() (main.cpp:39)
  n1: 16 0x4009C5: fun1() (main.cpp:30)
   n0: 16 0x400981: main (main.cpp:16)
 n1: 0 0x400A2F: fun3() (main.cpp:47)
  n1: 0 0x4009FE: fun2() (main.cpp:40)
   n1: 0 0x4009C5: fun1() (main.cpp:30)
    n0: 0 0x400981: main (main.cpp:16)
#-----------
snapshot=25
#-----------
time=1449758
mem_heap_B=216
mem_heap_extra_B=40
mem_stacks_B=0
heap_tree=detailed
n4: 216 (heap allocation functions) malloc/new/new[], --alloc-fns, etc.
 n0: 80 0x40096F: main (main.cpp:13)
 n1: 80 0x400A2F: fun3() (main.cpp:47)
  n1: 80 0x4009FE: fun2() (main.cpp:40)
   n1: 80 0x4009C5: fun1() (main.cpp:30)
    n0: 80 0x400981: main (main.cpp:16)
 n1: 40 0x4009BC: fun1() (main.cpp:28)
  n0: 40 0x400981: main (main.cpp:16)
 n1: 16 0x4009F5: fun2() (main.cpp:39)
  n1: 16 0x4009C5: fun1() (main.cpp:30)
   n0: 16 0x400981: main (main.cpp:16)
#-----------
snapshot=26
#-----------
time=1449797
mem_heap_B=136
mem_heap_extra_B=32
mem_stacks_B=0
heap_tree=detailed
n4: 136 (heap allocation functions) malloc/new/new[], --alloc-fns, etc.
 n0: 80 0x40096F: main (main.cpp:13)
 n1: 40 0x4009BC: fun1() (main.cpp:28)
  n0: 40 0x400981: main (main.cpp:16)
 n1: 16 0x4009F5: fun2() (main.cpp:39)
  n1: 16 0x4009C5: fun1() (main.cpp:30)
   n0: 16 0x400981: main (main.cpp:16)
 n1: 0 0x400A2F: fun3() (main.cpp:47)
  n1: 0 0x4009FE: fun2() (main.cpp:40)
   n1: 0 0x4009C5: fun1() (main.cpp:30)
    n0: 0 0x400981: main (main.cpp:16)
#-----------
snapshot=27
#-----------
time=1449832
mem_heap_B=120
mem_heap_extra_B=24
mem_stacks_B=0
heap_tree=detailed
n4: 120 (heap allocation functions) malloc/new/new[], --alloc-fns, etc.
 n0: 80 0x40096F: main (main.cpp:13)
 n1: 40 0x4009BC: fun1() (main.cpp:28)
  n0: 40 0x400981: main (main.cpp:16)
 n1: 0 0x4009F5: fun2() (main.cpp:39)
  n1: 0 0x4009C5: fun1() (main.cpp:30)
   n0: 0 0x400981: main (main.cpp:16)
 n1: 0 0x400A2F: fun3() (main.cpp:47)
  n1: 0 0x4009FE: fun2() (main.cpp:40)
   n1: 0 0x4009C5: fun1() (main.cpp:30)
    n0: 0 0x400981: main (main.cpp:16)
#-----------
snapshot=28
#-----------
time=1449865
mem_heap_B=136
mem_heap_extra_B=32
mem_stacks_B=0
heap_tree=detailed
n4: 136 (heap allocation functions) malloc/new/new[], --alloc-fns, etc.
 n0: 80 0x40096F: main (main.cpp:13)
 n1: 40 0x4009BC: fun1() (main.cpp:28)
  n0: 40 0x400981: main (main.cpp:16)
 n1: 16 0x4009F5: fun2() (main.cpp:39)
  n1: 16 0x4009C5: fun1() (main.cpp:30)
   n0: 16 0x400981: main (main.cpp:16)
 n1: 0 0x400A2F: fun3() (main.cpp:47)
  n1: 0 0x4009FE: fun2() (main.cpp:40)
   n1: 0 0x4009C5: fun1() (main.cpp:30)
    n0: 0 0x400981: main (main.cpp:16)
#-----------
snapshot=29
#-----------
time=1449905
mem_heap_B=216
mem_heap_extra_B=40
mem_stacks_B=0
heap_tree=detailed
n4: 216 (heap allocation functions) malloc/new/new[], --alloc-fns, etc.
 n0: 80 0x40096F: main (main.cpp:13)
 n1: 80 0x400A2F: fun3() (main.cpp:47)
  n1: 80 0x4009FE: fun2() (main.cpp:40)
   n1: 80 0x4009C5: fun1() (main.cpp:30)
    n0: 80 0x400981: main (main.cpp:16)
 n1: 40 0x4009BC: fun1() (main.cpp:28)
  n0: 40 0x400981: main (main.cpp:16)
 n1: 16 0x4009F5: fun2() (main.cpp:39)
  n1: 16 0x4009C5: fun1() (main.cpp:30)
   n0: 16 0x400981: main (main.cpp:16)
#-----------
snapshot=30
#-----------
time=1449944
mem_heap_B=136
mem_heap_extra_B=32
mem_stacks_B=0
heap_tree=detailed
n4: 136 (heap allocation functions) malloc/new/new[], --alloc-fns, etc.
 n0: 80 0x40096F: main (main.cpp:13)
 n1: 40 0x4009BC: fun1() (main.cpp:28)
  n0: 40 0x400981: main (main.cpp:16)
 n1: 16 0x4009F5: fun2() (main.cpp:39)
  n1: 16 0x4009C5: fun1() (main.cpp:30)
   n0: 16 0x400981: main (main.cpp:16)
 n1: 0 0x400A2F: fun3() (main.cpp:47)
  n1: 0 0x4009FE: fun2() (main.cpp:40)
   n1: 0 0x4009C5: fun1() (main.cpp:30)
    n0: 0 0x400981: main (main.cpp:16)
#-----------
snapshot=31
#-----------
time=1449979
mem_heap_B=120
mem_heap_extra_B=24
mem_stacks_B=0
heap_tree=detailed
n4: 120 (heap allocation functions) malloc/new/new[], --alloc-fns, etc.
 n0: 80 0x40096F: main (main.cpp:13)
 n1: 40 0x4009BC: fun1() (main.cpp:28)
  n0: 40 0x400981: main (main.cpp:16)
 n1: 0 0x4009F5: fun2() (main.cpp:39)
  n1: 0 0x4009C5: fun1() (main.cpp:30)
   n0: 0 0x400981: main (main.cpp:16)
 n1: 0 0x400A2F: fun3() (main.cpp:47)
  n1: 0 0x4009FE: fun2() (main.cpp:40)
   n1: 0 0x4009C5: fun1() (main.cpp:30)
    n0: 0 0x400981: main (main.cpp:16)
#-----------
snapshot=32
#-----------
time=1450017
mem_heap_B=80
mem_heap_extra_B=8
mem_stacks_B=0
heap_tree=detailed
n4: 80 (heap allocation functions) malloc/new/new[], --alloc-fns, etc.
 n0: 80 0x40096F: main (main.cpp:13)
 n1: 0 0x4009BC: fun1() (main.cpp:28)
  n0: 0 0x400981: main (main.cpp:16)
 n1: 0 0x4009F5: fun2() (main.cpp:39)
  n1: 0 0x4009C5: fun1() (main.cpp:30)
   n0: 0 0x400981: main (main.cpp:16)
 n1: 0 0x400A2F: fun3() (main.cpp:47)
  n1: 0 0x4009FE: fun2() (main.cpp:40)
   n1: 0 0x4009C5: fun1() (main.cpp:30)
    n0: 0 0x400981: main (main.cpp:16)
#-----------
snapshot=33
#-----------
time=1450055
mem_heap_B=0
mem_heap_extra_B=0
mem_stacks_B=0
heap_tree=detailed
n4: 0 (heap allocation functions) malloc/new/new[], --alloc-fns, etc.
 n0: 0 0x40096F: main (main.cpp:13)
 n1: 0 0x4009BC: fun1() (main.cpp:28)
  n0: 0 0x400981: main (main.cpp:16)
 n1: 0 0x4009F5: fun2() (main.cpp:39)
  n1: 0 0x4009C5: fun1() (main.cpp:30)
   n0: 0 0x400981: main (main.cpp:16)
 n1: 0 0x400A2F: fun3() (main.cpp:47)
  n1: 0 0x4009FE: fun2() (main.cpp:40)
   n1: 0 0x4009C5: fun1() (main.cpp:30)
    n0: 0 0x400981: main (main.cpp:16)
#-----------
snapshot=34
#-----------
time=1450089
mem_heap_B=80
mem_heap_extra_B=8
mem_stacks_B=0
heap_tree=detailed
n4: 80 (heap allocation functions) malloc/new/new[], --alloc-fns, etc.
 n2: 80 0x400A2F: fun3() (main.cpp:47)
  n0: 80 0x4009A3: main (main.cpp:20)
  n1: 0 0x4009FE: fun2() (main.cpp:40)
   n1: 0 0x4009C5: fun1() (main.cpp:30)
    n0: 0 0x400981: main (main.cpp:16)
 n0: 0 0x40096F: main (main.cpp:13)
 n1: 0 0x4009BC: fun1() (main.cpp:28)
  n0: 0 0x400981: main (main.cpp:16)
 n1: 0 0x4009F5: fun2() (main.cpp:39)
  n1: 0 0x4009C5: fun1() (main.cpp:30)
   n0: 0 0x400981: main (main.cpp:16)
#-----------
snapshot=35
#-----------
time=1450128
mem_heap_B=0
mem_heap_extra_B=0
mem_stacks_B=0
heap_tree=detailed
n4: 0 (heap allocation functions) malloc/new/new[], --alloc-fns, etc.
 n0: 0 0x40096F: main (main.cpp:13)
 n1: 0 0x4009BC: fun1() (main.cpp:28)
  n0: 0 0x400981: main (main.cpp:16)
 n1: 0 0x4009F5: fun2() (main.cpp:39)
  n1: 0 0x4009C5: fun1() (main.cpp:30)
   n0: 0 0x400981: main (main.cpp:16)
 n2: 0 0x400A2F: fun3() (main.cpp:47)
  n1: 0 0x4009FE: fun2() (main.cpp:40)
   n1: 0 0x4009C5: fun1() (main.cpp:30)
    n0: 0 0x400981: main (main.cpp:16)
  n0: 0 0x4009A3: main (main.cpp:20)
