desc: --time-unit=i --detailed-freq=1 --threshold=0.0 --max-snapshots=1000 --massif-out-file=massif.mojMassifSurowy7.out
cmd: ./program
time_unit: i
#-----------
snapshot=0
#-----------
time=0
mem_heap_B=0
mem_heap_extra_B=0
mem_stacks_B=0
heap_tree=detailed
n0: 0 (heap allocation functions) malloc/new/new[], --alloc-fns, etc.
#-----------
snapshot=1
#-----------
time=1448876
mem_heap_B=80
mem_heap_extra_B=8
mem_stacks_B=0
heap_tree=detailed
n1: 80 (heap allocation functions) malloc/new/new[], --alloc-fns, etc.
 n0: 80 0x40096F: main (main.cpp:13)
#-----------
snapshot=2
#-----------
time=1448920
mem_heap_B=120
mem_heap_extra_B=24
mem_stacks_B=0
heap_tree=detailed
n2: 120 (heap allocation functions) malloc/new/new[], --alloc-fns, etc.
 n0: 80 0x40096F: main (main.cpp:13)
 n1: 40 0x4009DD: fun1() (main.cpp:32)
  n0: 40 0x400981: main (main.cpp:16)
#-----------
snapshot=3
#-----------
time=1448964
mem_heap_B=136
mem_heap_extra_B=32
mem_stacks_B=0
heap_tree=detailed
n3: 136 (heap allocation functions) malloc/new/new[], --alloc-fns, etc.
 n0: 80 0x40096F: main (main.cpp:13)
 n1: 40 0x4009DD: fun1() (main.cpp:32)
  n0: 40 0x400981: main (main.cpp:16)
 n1: 16 0x400A37: fun2() (main.cpp:46)
  n1: 16 0x4009E6: fun1() (main.cpp:34)
   n0: 16 0x400981: main (main.cpp:16)
#-----------
snapshot=4
#-----------
time=1449004
mem_heap_B=216
mem_heap_extra_B=40
mem_stacks_B=0
heap_tree=detailed
n4: 216 (heap allocation functions) malloc/new/new[], --alloc-fns, etc.
 n0: 80 0x40096F: main (main.cpp:13)
 n1: 80 0x400A71: fun3() (main.cpp:54)
  n1: 80 0x400A40: fun2() (main.cpp:47)
   n1: 80 0x4009E6: fun1() (main.cpp:34)
    n0: 80 0x400981: main (main.cpp:16)
 n1: 40 0x4009DD: fun1() (main.cpp:32)
  n0: 40 0x400981: main (main.cpp:16)
 n1: 16 0x400A37: fun2() (main.cpp:46)
  n1: 16 0x4009E6: fun1() (main.cpp:34)
   n0: 16 0x400981: main (main.cpp:16)
#-----------
snapshot=5
#-----------
time=1449929
mem_heap_B=216
mem_heap_extra_B=40
mem_stacks_B=0
heap_tree=peak
n4: 216 (heap allocation functions) malloc/new/new[], --alloc-fns, etc.
 n0: 80 0x40096F: main (main.cpp:13)
 n1: 80 0x400A71: fun3() (main.cpp:54)
  n1: 80 0x400A40: fun2() (main.cpp:47)
   n1: 80 0x4009E6: fun1() (main.cpp:34)
    n0: 80 0x400981: main (main.cpp:16)
 n1: 40 0x4009DD: fun1() (main.cpp:32)
  n0: 40 0x400981: main (main.cpp:16)
 n1: 16 0x400A37: fun2() (main.cpp:46)
  n1: 16 0x4009E6: fun1() (main.cpp:34)
   n0: 16 0x400981: main (main.cpp:16)
#-----------
snapshot=6
#-----------
time=1449929
mem_heap_B=136
mem_heap_extra_B=32
mem_stacks_B=0
heap_tree=detailed
n4: 136 (heap allocation functions) malloc/new/new[], --alloc-fns, etc.
 n0: 80 0x40096F: main (main.cpp:13)
 n1: 40 0x4009DD: fun1() (main.cpp:32)
  n0: 40 0x400981: main (main.cpp:16)
 n1: 16 0x400A37: fun2() (main.cpp:46)
  n1: 16 0x4009E6: fun1() (main.cpp:34)
   n0: 16 0x400981: main (main.cpp:16)
 n1: 0 0x400A71: fun3() (main.cpp:54)
  n1: 0 0x400A40: fun2() (main.cpp:47)
   n1: 0 0x4009E6: fun1() (main.cpp:34)
    n0: 0 0x400981: main (main.cpp:16)
#-----------
snapshot=7
#-----------
time=1449964
mem_heap_B=120
mem_heap_extra_B=24
mem_stacks_B=0
heap_tree=detailed
n4: 120 (heap allocation functions) malloc/new/new[], --alloc-fns, etc.
 n0: 80 0x40096F: main (main.cpp:13)
 n1: 40 0x4009DD: fun1() (main.cpp:32)
  n0: 40 0x400981: main (main.cpp:16)
 n1: 0 0x400A37: fun2() (main.cpp:46)
  n1: 0 0x4009E6: fun1() (main.cpp:34)
   n0: 0 0x400981: main (main.cpp:16)
 n1: 0 0x400A71: fun3() (main.cpp:54)
  n1: 0 0x400A40: fun2() (main.cpp:47)
   n1: 0 0x4009E6: fun1() (main.cpp:34)
    n0: 0 0x400981: main (main.cpp:16)
#-----------
snapshot=8
#-----------
time=1449997
mem_heap_B=136
mem_heap_extra_B=32
mem_stacks_B=0
heap_tree=detailed
n4: 136 (heap allocation functions) malloc/new/new[], --alloc-fns, etc.
 n0: 80 0x40096F: main (main.cpp:13)
 n1: 40 0x4009DD: fun1() (main.cpp:32)
  n0: 40 0x400981: main (main.cpp:16)
 n1: 16 0x400A37: fun2() (main.cpp:46)
  n1: 16 0x4009E6: fun1() (main.cpp:34)
   n0: 16 0x400981: main (main.cpp:16)
 n1: 0 0x400A71: fun3() (main.cpp:54)
  n1: 0 0x400A40: fun2() (main.cpp:47)
   n1: 0 0x4009E6: fun1() (main.cpp:34)
    n0: 0 0x400981: main (main.cpp:16)
#-----------
snapshot=9
#-----------
time=1450037
mem_heap_B=216
mem_heap_extra_B=40
mem_stacks_B=0
heap_tree=detailed
n4: 216 (heap allocation functions) malloc/new/new[], --alloc-fns, etc.
 n0: 80 0x40096F: main (main.cpp:13)
 n1: 80 0x400A71: fun3() (main.cpp:54)
  n1: 80 0x400A40: fun2() (main.cpp:47)
   n1: 80 0x4009E6: fun1() (main.cpp:34)
    n0: 80 0x400981: main (main.cpp:16)
 n1: 40 0x4009DD: fun1() (main.cpp:32)
  n0: 40 0x400981: main (main.cpp:16)
 n1: 16 0x400A37: fun2() (main.cpp:46)
  n1: 16 0x4009E6: fun1() (main.cpp:34)
   n0: 16 0x400981: main (main.cpp:16)
#-----------
snapshot=10
#-----------
time=1450076
mem_heap_B=136
mem_heap_extra_B=32
mem_stacks_B=0
heap_tree=detailed
n4: 136 (heap allocation functions) malloc/new/new[], --alloc-fns, etc.
 n0: 80 0x40096F: main (main.cpp:13)
 n1: 40 0x4009DD: fun1() (main.cpp:32)
  n0: 40 0x400981: main (main.cpp:16)
 n1: 16 0x400A37: fun2() (main.cpp:46)
  n1: 16 0x4009E6: fun1() (main.cpp:34)
   n0: 16 0x400981: main (main.cpp:16)
 n1: 0 0x400A71: fun3() (main.cpp:54)
  n1: 0 0x400A40: fun2() (main.cpp:47)
   n1: 0 0x4009E6: fun1() (main.cpp:34)
    n0: 0 0x400981: main (main.cpp:16)
#-----------
snapshot=11
#-----------
time=1450111
mem_heap_B=120
mem_heap_extra_B=24
mem_stacks_B=0
heap_tree=detailed
n4: 120 (heap allocation functions) malloc/new/new[], --alloc-fns, etc.
 n0: 80 0x40096F: main (main.cpp:13)
 n1: 40 0x4009DD: fun1() (main.cpp:32)
  n0: 40 0x400981: main (main.cpp:16)
 n1: 0 0x400A37: fun2() (main.cpp:46)
  n1: 0 0x4009E6: fun1() (main.cpp:34)
   n0: 0 0x400981: main (main.cpp:16)
 n1: 0 0x400A71: fun3() (main.cpp:54)
  n1: 0 0x400A40: fun2() (main.cpp:47)
   n1: 0 0x4009E6: fun1() (main.cpp:34)
    n0: 0 0x400981: main (main.cpp:16)
#-----------
snapshot=12
#-----------
time=1450146
mem_heap_B=136
mem_heap_extra_B=32
mem_stacks_B=0
heap_tree=detailed
n5: 136 (heap allocation functions) malloc/new/new[], --alloc-fns, etc.
 n0: 80 0x40096F: main (main.cpp:13)
 n1: 40 0x4009DD: fun1() (main.cpp:32)
  n0: 40 0x400981: main (main.cpp:16)
 n1: 16 0x4009F0: fun1() (main.cpp:36)
  n0: 16 0x400981: main (main.cpp:16)
 n1: 0 0x400A37: fun2() (main.cpp:46)
  n1: 0 0x4009E6: fun1() (main.cpp:34)
   n0: 0 0x400981: main (main.cpp:16)
 n1: 0 0x400A71: fun3() (main.cpp:54)
  n1: 0 0x400A40: fun2() (main.cpp:47)
   n1: 0 0x4009E6: fun1() (main.cpp:34)
    n0: 0 0x400981: main (main.cpp:16)
#-----------
snapshot=13
#-----------
time=1450185
mem_heap_B=120
mem_heap_extra_B=24
mem_stacks_B=0
heap_tree=detailed
n5: 120 (heap allocation functions) malloc/new/new[], --alloc-fns, etc.
 n0: 80 0x40096F: main (main.cpp:13)
 n1: 40 0x4009DD: fun1() (main.cpp:32)
  n0: 40 0x400981: main (main.cpp:16)
 n1: 0 0x400A37: fun2() (main.cpp:46)
  n1: 0 0x4009E6: fun1() (main.cpp:34)
   n0: 0 0x400981: main (main.cpp:16)
 n1: 0 0x400A71: fun3() (main.cpp:54)
  n1: 0 0x400A40: fun2() (main.cpp:47)
   n1: 0 0x4009E6: fun1() (main.cpp:34)
    n0: 0 0x400981: main (main.cpp:16)
 n1: 0 0x4009F0: fun1() (main.cpp:36)
  n0: 0 0x400981: main (main.cpp:16)
#-----------
snapshot=14
#-----------
time=1450218
mem_heap_B=80
mem_heap_extra_B=8
mem_stacks_B=0
heap_tree=detailed
n5: 80 (heap allocation functions) malloc/new/new[], --alloc-fns, etc.
 n0: 80 0x40096F: main (main.cpp:13)
 n1: 0 0x4009DD: fun1() (main.cpp:32)
  n0: 0 0x400981: main (main.cpp:16)
 n1: 0 0x400A37: fun2() (main.cpp:46)
  n1: 0 0x4009E6: fun1() (main.cpp:34)
   n0: 0 0x400981: main (main.cpp:16)
 n1: 0 0x400A71: fun3() (main.cpp:54)
  n1: 0 0x400A40: fun2() (main.cpp:47)
   n1: 0 0x4009E6: fun1() (main.cpp:34)
    n0: 0 0x400981: main (main.cpp:16)
 n1: 0 0x4009F0: fun1() (main.cpp:36)
  n0: 0 0x400981: main (main.cpp:16)
#-----------
snapshot=15
#-----------
time=1450257
mem_heap_B=120
mem_heap_extra_B=24
mem_stacks_B=0
heap_tree=detailed
n5: 120 (heap allocation functions) malloc/new/new[], --alloc-fns, etc.
 n0: 80 0x40096F: main (main.cpp:13)
 n1: 40 0x4009DD: fun1() (main.cpp:32)
  n0: 40 0x400981: main (main.cpp:16)
 n1: 0 0x400A37: fun2() (main.cpp:46)
  n1: 0 0x4009E6: fun1() (main.cpp:34)
   n0: 0 0x400981: main (main.cpp:16)
 n1: 0 0x400A71: fun3() (main.cpp:54)
  n1: 0 0x400A40: fun2() (main.cpp:47)
   n1: 0 0x4009E6: fun1() (main.cpp:34)
    n0: 0 0x400981: main (main.cpp:16)
 n1: 0 0x4009F0: fun1() (main.cpp:36)
  n0: 0 0x400981: main (main.cpp:16)
#-----------
snapshot=16
#-----------
time=1450301
mem_heap_B=136
mem_heap_extra_B=32
mem_stacks_B=0
heap_tree=detailed
n5: 136 (heap allocation functions) malloc/new/new[], --alloc-fns, etc.
 n0: 80 0x40096F: main (main.cpp:13)
 n1: 40 0x4009DD: fun1() (main.cpp:32)
  n0: 40 0x400981: main (main.cpp:16)
 n1: 16 0x400A37: fun2() (main.cpp:46)
  n1: 16 0x4009E6: fun1() (main.cpp:34)
   n0: 16 0x400981: main (main.cpp:16)
 n1: 0 0x400A71: fun3() (main.cpp:54)
  n1: 0 0x400A40: fun2() (main.cpp:47)
   n1: 0 0x4009E6: fun1() (main.cpp:34)
    n0: 0 0x400981: main (main.cpp:16)
 n1: 0 0x4009F0: fun1() (main.cpp:36)
  n0: 0 0x400981: main (main.cpp:16)
#-----------
snapshot=17
#-----------
time=1450341
mem_heap_B=216
mem_heap_extra_B=40
mem_stacks_B=0
heap_tree=detailed
n5: 216 (heap allocation functions) malloc/new/new[], --alloc-fns, etc.
 n0: 80 0x40096F: main (main.cpp:13)
 n1: 80 0x400A71: fun3() (main.cpp:54)
  n1: 80 0x400A40: fun2() (main.cpp:47)
   n1: 80 0x4009E6: fun1() (main.cpp:34)
    n0: 80 0x400981: main (main.cpp:16)
 n1: 40 0x4009DD: fun1() (main.cpp:32)
  n0: 40 0x400981: main (main.cpp:16)
 n1: 16 0x400A37: fun2() (main.cpp:46)
  n1: 16 0x4009E6: fun1() (main.cpp:34)
   n0: 16 0x400981: main (main.cpp:16)
 n1: 0 0x4009F0: fun1() (main.cpp:36)
  n0: 0 0x400981: main (main.cpp:16)
#-----------
snapshot=18
#-----------
time=1450380
mem_heap_B=136
mem_heap_extra_B=32
mem_stacks_B=0
heap_tree=detailed
n5: 136 (heap allocation functions) malloc/new/new[], --alloc-fns, etc.
 n0: 80 0x40096F: main (main.cpp:13)
 n1: 40 0x4009DD: fun1() (main.cpp:32)
  n0: 40 0x400981: main (main.cpp:16)
 n1: 16 0x400A37: fun2() (main.cpp:46)
  n1: 16 0x4009E6: fun1() (main.cpp:34)
   n0: 16 0x400981: main (main.cpp:16)
 n1: 0 0x400A71: fun3() (main.cpp:54)
  n1: 0 0x400A40: fun2() (main.cpp:47)
   n1: 0 0x4009E6: fun1() (main.cpp:34)
    n0: 0 0x400981: main (main.cpp:16)
 n1: 0 0x4009F0: fun1() (main.cpp:36)
  n0: 0 0x400981: main (main.cpp:16)
#-----------
snapshot=19
#-----------
time=1450415
mem_heap_B=120
mem_heap_extra_B=24
mem_stacks_B=0
heap_tree=detailed
n5: 120 (heap allocation functions) malloc/new/new[], --alloc-fns, etc.
 n0: 80 0x40096F: main (main.cpp:13)
 n1: 40 0x4009DD: fun1() (main.cpp:32)
  n0: 40 0x400981: main (main.cpp:16)
 n1: 0 0x400A37: fun2() (main.cpp:46)
  n1: 0 0x4009E6: fun1() (main.cpp:34)
   n0: 0 0x400981: main (main.cpp:16)
 n1: 0 0x400A71: fun3() (main.cpp:54)
  n1: 0 0x400A40: fun2() (main.cpp:47)
   n1: 0 0x4009E6: fun1() (main.cpp:34)
    n0: 0 0x400981: main (main.cpp:16)
 n1: 0 0x4009F0: fun1() (main.cpp:36)
  n0: 0 0x400981: main (main.cpp:16)
#-----------
snapshot=20
#-----------
time=1450448
mem_heap_B=136
mem_heap_extra_B=32
mem_stacks_B=0
heap_tree=detailed
n5: 136 (heap allocation functions) malloc/new/new[], --alloc-fns, etc.
 n0: 80 0x40096F: main (main.cpp:13)
 n1: 40 0x4009DD: fun1() (main.cpp:32)
  n0: 40 0x400981: main (main.cpp:16)
 n1: 16 0x400A37: fun2() (main.cpp:46)
  n1: 16 0x4009E6: fun1() (main.cpp:34)
   n0: 16 0x400981: main (main.cpp:16)
 n1: 0 0x400A71: fun3() (main.cpp:54)
  n1: 0 0x400A40: fun2() (main.cpp:47)
   n1: 0 0x4009E6: fun1() (main.cpp:34)
    n0: 0 0x400981: main (main.cpp:16)
 n1: 0 0x4009F0: fun1() (main.cpp:36)
  n0: 0 0x400981: main (main.cpp:16)
#-----------
snapshot=21
#-----------
time=1450488
mem_heap_B=216
mem_heap_extra_B=40
mem_stacks_B=0
heap_tree=detailed
n5: 216 (heap allocation functions) malloc/new/new[], --alloc-fns, etc.
 n0: 80 0x40096F: main (main.cpp:13)
 n1: 80 0x400A71: fun3() (main.cpp:54)
  n1: 80 0x400A40: fun2() (main.cpp:47)
   n1: 80 0x4009E6: fun1() (main.cpp:34)
    n0: 80 0x400981: main (main.cpp:16)
 n1: 40 0x4009DD: fun1() (main.cpp:32)
  n0: 40 0x400981: main (main.cpp:16)
 n1: 16 0x400A37: fun2() (main.cpp:46)
  n1: 16 0x4009E6: fun1() (main.cpp:34)
   n0: 16 0x400981: main (main.cpp:16)
 n1: 0 0x4009F0: fun1() (main.cpp:36)
  n0: 0 0x400981: main (main.cpp:16)
#-----------
snapshot=22
#-----------
time=1450527
mem_heap_B=136
mem_heap_extra_B=32
mem_stacks_B=0
heap_tree=detailed
n5: 136 (heap allocation functions) malloc/new/new[], --alloc-fns, etc.
 n0: 80 0x40096F: main (main.cpp:13)
 n1: 40 0x4009DD: fun1() (main.cpp:32)
  n0: 40 0x400981: main (main.cpp:16)
 n1: 16 0x400A37: fun2() (main.cpp:46)
  n1: 16 0x4009E6: fun1() (main.cpp:34)
   n0: 16 0x400981: main (main.cpp:16)
 n1: 0 0x400A71: fun3() (main.cpp:54)
  n1: 0 0x400A40: fun2() (main.cpp:47)
   n1: 0 0x4009E6: fun1() (main.cpp:34)
    n0: 0 0x400981: main (main.cpp:16)
 n1: 0 0x4009F0: fun1() (main.cpp:36)
  n0: 0 0x400981: main (main.cpp:16)
#-----------
snapshot=23
#-----------
time=1450562
mem_heap_B=120
mem_heap_extra_B=24
mem_stacks_B=0
heap_tree=detailed
n5: 120 (heap allocation functions) malloc/new/new[], --alloc-fns, etc.
 n0: 80 0x40096F: main (main.cpp:13)
 n1: 40 0x4009DD: fun1() (main.cpp:32)
  n0: 40 0x400981: main (main.cpp:16)
 n1: 0 0x400A37: fun2() (main.cpp:46)
  n1: 0 0x4009E6: fun1() (main.cpp:34)
   n0: 0 0x400981: main (main.cpp:16)
 n1: 0 0x400A71: fun3() (main.cpp:54)
  n1: 0 0x400A40: fun2() (main.cpp:47)
   n1: 0 0x4009E6: fun1() (main.cpp:34)
    n0: 0 0x400981: main (main.cpp:16)
 n1: 0 0x4009F0: fun1() (main.cpp:36)
  n0: 0 0x400981: main (main.cpp:16)
#-----------
snapshot=24
#-----------
time=1450597
mem_heap_B=136
mem_heap_extra_B=32
mem_stacks_B=0
heap_tree=detailed
n5: 136 (heap allocation functions) malloc/new/new[], --alloc-fns, etc.
 n0: 80 0x40096F: main (main.cpp:13)
 n1: 40 0x4009DD: fun1() (main.cpp:32)
  n0: 40 0x400981: main (main.cpp:16)
 n1: 16 0x4009F0: fun1() (main.cpp:36)
  n0: 16 0x400981: main (main.cpp:16)
 n1: 0 0x400A37: fun2() (main.cpp:46)
  n1: 0 0x4009E6: fun1() (main.cpp:34)
   n0: 0 0x400981: main (main.cpp:16)
 n1: 0 0x400A71: fun3() (main.cpp:54)
  n1: 0 0x400A40: fun2() (main.cpp:47)
   n1: 0 0x4009E6: fun1() (main.cpp:34)
    n0: 0 0x400981: main (main.cpp:16)
#-----------
snapshot=25
#-----------
time=1450636
mem_heap_B=120
mem_heap_extra_B=24
mem_stacks_B=0
heap_tree=detailed
n5: 120 (heap allocation functions) malloc/new/new[], --alloc-fns, etc.
 n0: 80 0x40096F: main (main.cpp:13)
 n1: 40 0x4009DD: fun1() (main.cpp:32)
  n0: 40 0x400981: main (main.cpp:16)
 n1: 0 0x400A37: fun2() (main.cpp:46)
  n1: 0 0x4009E6: fun1() (main.cpp:34)
   n0: 0 0x400981: main (main.cpp:16)
 n1: 0 0x400A71: fun3() (main.cpp:54)
  n1: 0 0x400A40: fun2() (main.cpp:47)
   n1: 0 0x4009E6: fun1() (main.cpp:34)
    n0: 0 0x400981: main (main.cpp:16)
 n1: 0 0x4009F0: fun1() (main.cpp:36)
  n0: 0 0x400981: main (main.cpp:16)
#-----------
snapshot=26
#-----------
time=1450669
mem_heap_B=80
mem_heap_extra_B=8
mem_stacks_B=0
heap_tree=detailed
n5: 80 (heap allocation functions) malloc/new/new[], --alloc-fns, etc.
 n0: 80 0x40096F: main (main.cpp:13)
 n1: 0 0x4009DD: fun1() (main.cpp:32)
  n0: 0 0x400981: main (main.cpp:16)
 n1: 0 0x400A37: fun2() (main.cpp:46)
  n1: 0 0x4009E6: fun1() (main.cpp:34)
   n0: 0 0x400981: main (main.cpp:16)
 n1: 0 0x400A71: fun3() (main.cpp:54)
  n1: 0 0x400A40: fun2() (main.cpp:47)
   n1: 0 0x4009E6: fun1() (main.cpp:34)
    n0: 0 0x400981: main (main.cpp:16)
 n1: 0 0x4009F0: fun1() (main.cpp:36)
  n0: 0 0x400981: main (main.cpp:16)
#-----------
snapshot=27
#-----------
time=1450708
mem_heap_B=120
mem_heap_extra_B=24
mem_stacks_B=0
heap_tree=detailed
n5: 120 (heap allocation functions) malloc/new/new[], --alloc-fns, etc.
 n0: 80 0x40096F: main (main.cpp:13)
 n1: 40 0x4009DD: fun1() (main.cpp:32)
  n0: 40 0x400981: main (main.cpp:16)
 n1: 0 0x400A37: fun2() (main.cpp:46)
  n1: 0 0x4009E6: fun1() (main.cpp:34)
   n0: 0 0x400981: main (main.cpp:16)
 n1: 0 0x400A71: fun3() (main.cpp:54)
  n1: 0 0x400A40: fun2() (main.cpp:47)
   n1: 0 0x4009E6: fun1() (main.cpp:34)
    n0: 0 0x400981: main (main.cpp:16)
 n1: 0 0x4009F0: fun1() (main.cpp:36)
  n0: 0 0x400981: main (main.cpp:16)
#-----------
snapshot=28
#-----------
time=1450752
mem_heap_B=136
mem_heap_extra_B=32
mem_stacks_B=0
heap_tree=detailed
n5: 136 (heap allocation functions) malloc/new/new[], --alloc-fns, etc.
 n0: 80 0x40096F: main (main.cpp:13)
 n1: 40 0x4009DD: fun1() (main.cpp:32)
  n0: 40 0x400981: main (main.cpp:16)
 n1: 16 0x400A37: fun2() (main.cpp:46)
  n1: 16 0x4009E6: fun1() (main.cpp:34)
   n0: 16 0x400981: main (main.cpp:16)
 n1: 0 0x400A71: fun3() (main.cpp:54)
  n1: 0 0x400A40: fun2() (main.cpp:47)
   n1: 0 0x4009E6: fun1() (main.cpp:34)
    n0: 0 0x400981: main (main.cpp:16)
 n1: 0 0x4009F0: fun1() (main.cpp:36)
  n0: 0 0x400981: main (main.cpp:16)
#-----------
snapshot=29
#-----------
time=1450792
mem_heap_B=216
mem_heap_extra_B=40
mem_stacks_B=0
heap_tree=detailed
n5: 216 (heap allocation functions) malloc/new/new[], --alloc-fns, etc.
 n0: 80 0x40096F: main (main.cpp:13)
 n1: 80 0x400A71: fun3() (main.cpp:54)
  n1: 80 0x400A40: fun2() (main.cpp:47)
   n1: 80 0x4009E6: fun1() (main.cpp:34)
    n0: 80 0x400981: main (main.cpp:16)
 n1: 40 0x4009DD: fun1() (main.cpp:32)
  n0: 40 0x400981: main (main.cpp:16)
 n1: 16 0x400A37: fun2() (main.cpp:46)
  n1: 16 0x4009E6: fun1() (main.cpp:34)
   n0: 16 0x400981: main (main.cpp:16)
 n1: 0 0x4009F0: fun1() (main.cpp:36)
  n0: 0 0x400981: main (main.cpp:16)
#-----------
snapshot=30
#-----------
time=1450831
mem_heap_B=136
mem_heap_extra_B=32
mem_stacks_B=0
heap_tree=detailed
n5: 136 (heap allocation functions) malloc/new/new[], --alloc-fns, etc.
 n0: 80 0x40096F: main (main.cpp:13)
 n1: 40 0x4009DD: fun1() (main.cpp:32)
  n0: 40 0x400981: main (main.cpp:16)
 n1: 16 0x400A37: fun2() (main.cpp:46)
  n1: 16 0x4009E6: fun1() (main.cpp:34)
   n0: 16 0x400981: main (main.cpp:16)
 n1: 0 0x400A71: fun3() (main.cpp:54)
  n1: 0 0x400A40: fun2() (main.cpp:47)
   n1: 0 0x4009E6: fun1() (main.cpp:34)
    n0: 0 0x400981: main (main.cpp:16)
 n1: 0 0x4009F0: fun1() (main.cpp:36)
  n0: 0 0x400981: main (main.cpp:16)
#-----------
snapshot=31
#-----------
time=1450866
mem_heap_B=120
mem_heap_extra_B=24
mem_stacks_B=0
heap_tree=detailed
n5: 120 (heap allocation functions) malloc/new/new[], --alloc-fns, etc.
 n0: 80 0x40096F: main (main.cpp:13)
 n1: 40 0x4009DD: fun1() (main.cpp:32)
  n0: 40 0x400981: main (main.cpp:16)
 n1: 0 0x400A37: fun2() (main.cpp:46)
  n1: 0 0x4009E6: fun1() (main.cpp:34)
   n0: 0 0x400981: main (main.cpp:16)
 n1: 0 0x400A71: fun3() (main.cpp:54)
  n1: 0 0x400A40: fun2() (main.cpp:47)
   n1: 0 0x4009E6: fun1() (main.cpp:34)
    n0: 0 0x400981: main (main.cpp:16)
 n1: 0 0x4009F0: fun1() (main.cpp:36)
  n0: 0 0x400981: main (main.cpp:16)
#-----------
snapshot=32
#-----------
time=1450899
mem_heap_B=136
mem_heap_extra_B=32
mem_stacks_B=0
heap_tree=detailed
n5: 136 (heap allocation functions) malloc/new/new[], --alloc-fns, etc.
 n0: 80 0x40096F: main (main.cpp:13)
 n1: 40 0x4009DD: fun1() (main.cpp:32)
  n0: 40 0x400981: main (main.cpp:16)
 n1: 16 0x400A37: fun2() (main.cpp:46)
  n1: 16 0x4009E6: fun1() (main.cpp:34)
   n0: 16 0x400981: main (main.cpp:16)
 n1: 0 0x400A71: fun3() (main.cpp:54)
  n1: 0 0x400A40: fun2() (main.cpp:47)
   n1: 0 0x4009E6: fun1() (main.cpp:34)
    n0: 0 0x400981: main (main.cpp:16)
 n1: 0 0x4009F0: fun1() (main.cpp:36)
  n0: 0 0x400981: main (main.cpp:16)
#-----------
snapshot=33
#-----------
time=1450939
mem_heap_B=216
mem_heap_extra_B=40
mem_stacks_B=0
heap_tree=detailed
n5: 216 (heap allocation functions) malloc/new/new[], --alloc-fns, etc.
 n0: 80 0x40096F: main (main.cpp:13)
 n1: 80 0x400A71: fun3() (main.cpp:54)
  n1: 80 0x400A40: fun2() (main.cpp:47)
   n1: 80 0x4009E6: fun1() (main.cpp:34)
    n0: 80 0x400981: main (main.cpp:16)
 n1: 40 0x4009DD: fun1() (main.cpp:32)
  n0: 40 0x400981: main (main.cpp:16)
 n1: 16 0x400A37: fun2() (main.cpp:46)
  n1: 16 0x4009E6: fun1() (main.cpp:34)
   n0: 16 0x400981: main (main.cpp:16)
 n1: 0 0x4009F0: fun1() (main.cpp:36)
  n0: 0 0x400981: main (main.cpp:16)
#-----------
snapshot=34
#-----------
time=1450978
mem_heap_B=136
mem_heap_extra_B=32
mem_stacks_B=0
heap_tree=detailed
n5: 136 (heap allocation functions) malloc/new/new[], --alloc-fns, etc.
 n0: 80 0x40096F: main (main.cpp:13)
 n1: 40 0x4009DD: fun1() (main.cpp:32)
  n0: 40 0x400981: main (main.cpp:16)
 n1: 16 0x400A37: fun2() (main.cpp:46)
  n1: 16 0x4009E6: fun1() (main.cpp:34)
   n0: 16 0x400981: main (main.cpp:16)
 n1: 0 0x400A71: fun3() (main.cpp:54)
  n1: 0 0x400A40: fun2() (main.cpp:47)
   n1: 0 0x4009E6: fun1() (main.cpp:34)
    n0: 0 0x400981: main (main.cpp:16)
 n1: 0 0x4009F0: fun1() (main.cpp:36)
  n0: 0 0x400981: main (main.cpp:16)
#-----------
snapshot=35
#-----------
time=1451013
mem_heap_B=120
mem_heap_extra_B=24
mem_stacks_B=0
heap_tree=detailed
n5: 120 (heap allocation functions) malloc/new/new[], --alloc-fns, etc.
 n0: 80 0x40096F: main (main.cpp:13)
 n1: 40 0x4009DD: fun1() (main.cpp:32)
  n0: 40 0x400981: main (main.cpp:16)
 n1: 0 0x400A37: fun2() (main.cpp:46)
  n1: 0 0x4009E6: fun1() (main.cpp:34)
   n0: 0 0x400981: main (main.cpp:16)
 n1: 0 0x400A71: fun3() (main.cpp:54)
  n1: 0 0x400A40: fun2() (main.cpp:47)
   n1: 0 0x4009E6: fun1() (main.cpp:34)
    n0: 0 0x400981: main (main.cpp:16)
 n1: 0 0x4009F0: fun1() (main.cpp:36)
  n0: 0 0x400981: main (main.cpp:16)
#-----------
snapshot=36
#-----------
time=1451048
mem_heap_B=136
mem_heap_extra_B=32
mem_stacks_B=0
heap_tree=detailed
n5: 136 (heap allocation functions) malloc/new/new[], --alloc-fns, etc.
 n0: 80 0x40096F: main (main.cpp:13)
 n1: 40 0x4009DD: fun1() (main.cpp:32)
  n0: 40 0x400981: main (main.cpp:16)
 n1: 16 0x4009F0: fun1() (main.cpp:36)
  n0: 16 0x400981: main (main.cpp:16)
 n1: 0 0x400A37: fun2() (main.cpp:46)
  n1: 0 0x4009E6: fun1() (main.cpp:34)
   n0: 0 0x400981: main (main.cpp:16)
 n1: 0 0x400A71: fun3() (main.cpp:54)
  n1: 0 0x400A40: fun2() (main.cpp:47)
   n1: 0 0x4009E6: fun1() (main.cpp:34)
    n0: 0 0x400981: main (main.cpp:16)
#-----------
snapshot=37
#-----------
time=1451087
mem_heap_B=120
mem_heap_extra_B=24
mem_stacks_B=0
heap_tree=detailed
n5: 120 (heap allocation functions) malloc/new/new[], --alloc-fns, etc.
 n0: 80 0x40096F: main (main.cpp:13)
 n1: 40 0x4009DD: fun1() (main.cpp:32)
  n0: 40 0x400981: main (main.cpp:16)
 n1: 0 0x400A37: fun2() (main.cpp:46)
  n1: 0 0x4009E6: fun1() (main.cpp:34)
   n0: 0 0x400981: main (main.cpp:16)
 n1: 0 0x400A71: fun3() (main.cpp:54)
  n1: 0 0x400A40: fun2() (main.cpp:47)
   n1: 0 0x4009E6: fun1() (main.cpp:34)
    n0: 0 0x400981: main (main.cpp:16)
 n1: 0 0x4009F0: fun1() (main.cpp:36)
  n0: 0 0x400981: main (main.cpp:16)
#-----------
snapshot=38
#-----------
time=1451120
mem_heap_B=80
mem_heap_extra_B=8
mem_stacks_B=0
heap_tree=detailed
n5: 80 (heap allocation functions) malloc/new/new[], --alloc-fns, etc.
 n0: 80 0x40096F: main (main.cpp:13)
 n1: 0 0x4009DD: fun1() (main.cpp:32)
  n0: 0 0x400981: main (main.cpp:16)
 n1: 0 0x400A37: fun2() (main.cpp:46)
  n1: 0 0x4009E6: fun1() (main.cpp:34)
   n0: 0 0x400981: main (main.cpp:16)
 n1: 0 0x400A71: fun3() (main.cpp:54)
  n1: 0 0x400A40: fun2() (main.cpp:47)
   n1: 0 0x4009E6: fun1() (main.cpp:34)
    n0: 0 0x400981: main (main.cpp:16)
 n1: 0 0x4009F0: fun1() (main.cpp:36)
  n0: 0 0x400981: main (main.cpp:16)
#-----------
snapshot=39
#-----------
time=1451158
mem_heap_B=0
mem_heap_extra_B=0
mem_stacks_B=0
heap_tree=detailed
n5: 0 (heap allocation functions) malloc/new/new[], --alloc-fns, etc.
 n0: 0 0x40096F: main (main.cpp:13)
 n1: 0 0x4009DD: fun1() (main.cpp:32)
  n0: 0 0x400981: main (main.cpp:16)
 n1: 0 0x400A37: fun2() (main.cpp:46)
  n1: 0 0x4009E6: fun1() (main.cpp:34)
   n0: 0 0x400981: main (main.cpp:16)
 n1: 0 0x400A71: fun3() (main.cpp:54)
  n1: 0 0x400A40: fun2() (main.cpp:47)
   n1: 0 0x4009E6: fun1() (main.cpp:34)
    n0: 0 0x400981: main (main.cpp:16)
 n1: 0 0x4009F0: fun1() (main.cpp:36)
  n0: 0 0x400981: main (main.cpp:16)
#-----------
snapshot=40
#-----------
time=1451192
mem_heap_B=80
mem_heap_extra_B=8
mem_stacks_B=0
heap_tree=detailed
n5: 80 (heap allocation functions) malloc/new/new[], --alloc-fns, etc.
 n2: 80 0x400A71: fun3() (main.cpp:54)
  n0: 80 0x4009A3: main (main.cpp:20)
  n1: 0 0x400A40: fun2() (main.cpp:47)
   n1: 0 0x4009E6: fun1() (main.cpp:34)
    n0: 0 0x400981: main (main.cpp:16)
 n0: 0 0x40096F: main (main.cpp:13)
 n1: 0 0x4009DD: fun1() (main.cpp:32)
  n0: 0 0x400981: main (main.cpp:16)
 n1: 0 0x400A37: fun2() (main.cpp:46)
  n1: 0 0x4009E6: fun1() (main.cpp:34)
   n0: 0 0x400981: main (main.cpp:16)
 n1: 0 0x4009F0: fun1() (main.cpp:36)
  n0: 0 0x400981: main (main.cpp:16)
#-----------
snapshot=41
#-----------
time=1451231
mem_heap_B=0
mem_heap_extra_B=0
mem_stacks_B=0
heap_tree=detailed
n5: 0 (heap allocation functions) malloc/new/new[], --alloc-fns, etc.
 n0: 0 0x40096F: main (main.cpp:13)
 n1: 0 0x4009DD: fun1() (main.cpp:32)
  n0: 0 0x400981: main (main.cpp:16)
 n1: 0 0x400A37: fun2() (main.cpp:46)
  n1: 0 0x4009E6: fun1() (main.cpp:34)
   n0: 0 0x400981: main (main.cpp:16)
 n2: 0 0x400A71: fun3() (main.cpp:54)
  n1: 0 0x400A40: fun2() (main.cpp:47)
   n1: 0 0x4009E6: fun1() (main.cpp:34)
    n0: 0 0x400981: main (main.cpp:16)
  n0: 0 0x4009A3: main (main.cpp:20)
 n1: 0 0x4009F0: fun1() (main.cpp:36)
  n0: 0 0x400981: main (main.cpp:16)
#-----------
snapshot=42
#-----------
time=1451263
mem_heap_B=120
mem_heap_extra_B=16
mem_stacks_B=0
heap_tree=detailed
n6: 120 (heap allocation functions) malloc/new/new[], --alloc-fns, etc.
 n0: 120 0x4009AD: main (main.cpp:22)
 n0: 0 0x40096F: main (main.cpp:13)
 n1: 0 0x4009DD: fun1() (main.cpp:32)
  n0: 0 0x400981: main (main.cpp:16)
 n1: 0 0x400A37: fun2() (main.cpp:46)
  n1: 0 0x4009E6: fun1() (main.cpp:34)
   n0: 0 0x400981: main (main.cpp:16)
 n2: 0 0x400A71: fun3() (main.cpp:54)
  n1: 0 0x400A40: fun2() (main.cpp:47)
   n1: 0 0x4009E6: fun1() (main.cpp:34)
    n0: 0 0x400981: main (main.cpp:16)
  n0: 0 0x4009A3: main (main.cpp:20)
 n1: 0 0x4009F0: fun1() (main.cpp:36)
  n0: 0 0x400981: main (main.cpp:16)
#-----------
snapshot=43
#-----------
time=1451302
mem_heap_B=0
mem_heap_extra_B=0
mem_stacks_B=0
heap_tree=detailed
n6: 0 (heap allocation functions) malloc/new/new[], --alloc-fns, etc.
 n0: 0 0x40096F: main (main.cpp:13)
 n1: 0 0x4009DD: fun1() (main.cpp:32)
  n0: 0 0x400981: main (main.cpp:16)
 n1: 0 0x400A37: fun2() (main.cpp:46)
  n1: 0 0x4009E6: fun1() (main.cpp:34)
   n0: 0 0x400981: main (main.cpp:16)
 n2: 0 0x400A71: fun3() (main.cpp:54)
  n1: 0 0x400A40: fun2() (main.cpp:47)
   n1: 0 0x4009E6: fun1() (main.cpp:34)
    n0: 0 0x400981: main (main.cpp:16)
  n0: 0 0x4009A3: main (main.cpp:20)
 n1: 0 0x4009F0: fun1() (main.cpp:36)
  n0: 0 0x400981: main (main.cpp:16)
 n0: 0 0x4009AD: main (main.cpp:22)
